<?xml version="1.0" encoding="UTF-8"?>
<!-- Generated by org.testng.reporters.JUnitReportReporter -->
<testsuite skipped="0" hostname="DESKTOP-JMPT3CR" name="LoginTest.AppTest" tests="2" failures="0" timestamp="27 Sep 2021 03:17:37 GMT" time="0.016" errors="0">
  <testcase name="validLogin" time="0.001" classname="LoginTest.AppTest"/>
  <testcase name="invalidLogin" time="0.015" classname="LoginTest.AppTest"/>
</testsuite> <!-- LoginTest.AppTest -->
