<?xml version="1.0" encoding="UTF-8"?>
<!-- Generated by org.testng.reporters.JUnitReportReporter -->
<testsuite skipped="0" hostname="DESKTOP-JMPT3CR" name="LoginTest.ComparisionTest" tests="1" failures="0" timestamp="27 Sep 2021 03:17:37 GMT" time="0.002" errors="0">
  <testcase name="checkingComparision" time="0.002" classname="LoginTest.ComparisionTest"/>
</testsuite> <!-- LoginTest.ComparisionTest -->
