<?xml version="1.0" encoding="UTF-8"?>
<!-- Generated by org.testng.reporters.JUnitReportReporter -->
<testsuite skipped="0" hostname="DESKTOP-JMPT3CR" name="LoginTest.AppTest" tests="2" failures="0" timestamp="27 Sep 2021 06:53:00 GMT" time="0.013" errors="0">
  <testcase name="invalidLogin" time="0.013" classname="LoginTest.AppTest"/>
  <testcase name="validLogin" time="0.000" classname="LoginTest.AppTest"/>
</testsuite> <!-- LoginTest.AppTest -->
