<?xml version="1.0" encoding="UTF-8"?>
<!-- Generated by org.testng.reporters.JUnitReportReporter -->
<testsuite hostname="DESKTOP-JMPT3CR" failures="0" tests="1" name="LoginTest.ComparisionTest" time="0.000" errors="0" timestamp="27 Sep 2021 05:43:26 GMT" skipped="0">
  <testcase classname="LoginTest.ComparisionTest" name="checkingComparision" time="0.000"/>
</testsuite> <!-- LoginTest.ComparisionTest -->
