<?xml version="1.0" encoding="UTF-8"?>
<!-- Generated by org.testng.reporters.JUnitReportReporter -->
<testsuite hostname="DESKTOP-JMPT3CR" failures="0" tests="2" name="LoginTest.AppTest" time="0.014" errors="0" timestamp="27 Sep 2021 06:55:13 GMT" skipped="0">
  <testcase classname="LoginTest.AppTest" name="invalidLogin" time="0.013"/>
  <testcase classname="LoginTest.AppTest" name="validLogin" time="0.001"/>
</testsuite> <!-- LoginTest.AppTest -->
