<?xml version="1.0" encoding="UTF-8"?>
<!-- Generated by org.testng.reporters.JUnitReportReporter -->
<testsuite hostname="DESKTOP-JMPT3CR" failures="0" tests="1" name="LoginTest.UdemyLogin" time="3.883" errors="0" timestamp="27 Sep 2021 06:55:13 GMT" skipped="0">
  <testcase classname="LoginTest.UdemyLogin" name="doLogin" time="3.883"/>
</testsuite> <!-- LoginTest.UdemyLogin -->
