<?xml version="1.0" encoding="UTF-8"?>
<!-- Generated by org.testng.reporters.JUnitReportReporter -->
<testsuite skipped="0" hostname="DESKTOP-JMPT3CR" name="LoginTest.UdemyLogin" tests="1" failures="0" timestamp="27 Sep 2021 06:53:00 GMT" time="4.140" errors="0">
  <testcase name="doLogin" time="4.140" classname="LoginTest.UdemyLogin"/>
</testsuite> <!-- LoginTest.UdemyLogin -->
